TN:
SF:C:\Users\Lateef\Documents\Code\personal\mBookr\api\src/index.js
FN:11,(anonymous_1)
FN:21,(anonymous_2)
FN:31,(anonymous_3)
FNF:3
FNH:0
FNDA:0,(anonymous_1)
FNDA:0,(anonymous_2)
FNDA:0,(anonymous_3)
DA:1,1
DA:2,1
DA:3,1
DA:4,1
DA:5,1
DA:7,1
DA:9,1
DA:11,1
DA:12,0
DA:17,1
DA:18,1
DA:19,1
DA:21,1
DA:22,0
DA:23,0
DA:24,0
DA:31,1
DA:32,0
DA:33,0
DA:40,1
LF:20
LH:14
BRDA:32,0,0,0
BRDA:32,0,1,0
BRF:2
BRH:0
end_of_record
TN:
SF:C:\Users\Lateef\Documents\Code\personal\mBookr\api\src\controllers/meal.controller.js
FN:3,fetchAllMeals
FNF:1
FNH:1
FNDA:4,fetchAllMeals
DA:1,1
DA:3,1
DA:5,1
DA:6,1
DA:20,1
DA:21,1
DA:22,1
DA:36,1
DA:37,1
DA:38,1
DA:39,1
DA:40,1
DA:41,1
DA:42,1
DA:48,1
DA:50,0
DA:55,0
DA:57,1
DA:62,1
DA:63,1
DA:64,1
DA:65,1
DA:66,1
DA:67,1
DA:72,1
DA:74,0
DA:79,0
DA:81,1
DA:87,1
LF:29
LH:25
BRDA:41,0,0,1
BRDA:41,0,1,0
BRDA:66,1,0,1
BRDA:66,1,1,0
BRF:4
BRH:2
end_of_record
TN:
SF:C:\Users\Lateef\Documents\Code\personal\mBookr\api\src\controllers/menu.controller.js
FN:3,getMenu
FNF:1
FNH:1
FNDA:2,getMenu
DA:1,1
DA:3,1
DA:5,1
DA:6,1
DA:21,1
DA:22,1
DA:23,1
DA:31,1
LF:8
LH:8
BRF:0
BRH:0
end_of_record
TN:
SF:C:\Users\Lateef\Documents\Code\personal\mBookr\api\src\controllers/order.controller.js
FN:3,getOrders
FNF:1
FNH:1
FNDA:3,getOrders
DA:1,1
DA:3,1
DA:5,1
DA:6,1
DA:23,1
DA:24,1
DA:25,1
DA:42,1
DA:43,1
DA:44,1
DA:45,1
DA:46,1
DA:47,1
DA:48,1
DA:54,1
DA:56,0
DA:61,0
DA:63,1
DA:69,1
LF:19
LH:17
BRDA:47,0,0,1
BRDA:47,0,1,0
BRF:2
BRH:1
end_of_record
TN:
SF:C:\Users\Lateef\Documents\Code\personal\mBookr\api\src\data/meal-data.js
FNF:0
FNH:0
DA:1,1
LF:1
LH:1
BRF:0
BRH:0
end_of_record
TN:
SF:C:\Users\Lateef\Documents\Code\personal\mBookr\api\src\data/menu-data.js
FNF:0
FNH:0
DA:1,1
LF:1
LH:1
BRF:0
BRH:0
end_of_record
TN:
SF:C:\Users\Lateef\Documents\Code\personal\mBookr\api\src\data/order-data.js
FNF:0
FNH:0
DA:1,1
LF:1
LH:1
BRF:0
BRH:0
end_of_record
TN:
SF:C:\Users\Lateef\Documents\Code\personal\mBookr\api\src\models/meals.model.js
FN:2,Meal
FNF:1
FNH:1
FNDA:3,Meal
DA:2,3
DA:3,3
DA:4,3
DA:5,3
DA:6,3
LF:5
LH:5
BRF:0
BRH:0
end_of_record
TN:
SF:C:\Users\Lateef\Documents\Code\personal\mBookr\api\src\models/orders.model.js
FN:2,Meal
FNF:1
FNH:1
FNDA:2,Meal
DA:2,2
DA:3,2
DA:4,2
DA:5,2
DA:6,2
DA:7,2
DA:8,2
DA:9,2
LF:8
LH:8
BRF:0
BRH:0
end_of_record
TN:
SF:C:\Users\Lateef\Documents\Code\personal\mBookr\api\src\routes/meal.route.js
FNF:0
FNH:0
DA:1,1
DA:2,1
DA:4,1
DA:5,1
DA:6,1
DA:7,1
DA:8,1
DA:10,1
LF:8
LH:8
BRF:0
BRH:0
end_of_record
TN:
SF:C:\Users\Lateef\Documents\Code\personal\mBookr\api\src\routes/menu.route.js
FNF:0
FNH:0
DA:1,1
DA:2,1
DA:4,1
DA:5,1
DA:6,1
DA:8,1
LF:6
LH:6
BRF:0
BRH:0
end_of_record
TN:
SF:C:\Users\Lateef\Documents\Code\personal\mBookr\api\src\routes/order.route.js
FNF:0
FNH:0
DA:1,1
DA:2,1
DA:4,1
DA:5,1
DA:6,1
DA:7,1
DA:9,1
LF:7
LH:7
BRF:0
BRH:0
end_of_record
TN:
SF:C:\Users\Lateef\Documents\Code\personal\mBookr\api\src\services/meals.service.js
FN:4,fetchAllMeals
FN:6,(anonymous_10)
FN:32,(anonymous_14)
FN:49,(anonymous_16)
FNF:4
FNH:4
FNDA:5,fetchAllMeals
FNDA:3,(anonymous_10)
FNDA:4,(anonymous_14)
FNDA:4,(anonymous_16)
DA:1,1
DA:2,1
DA:4,1
DA:6,1
DA:7,3
DA:8,3
DA:9,3
DA:10,3
DA:11,3
DA:12,3
DA:17,1
DA:18,1
DA:22,1
DA:23,1
DA:24,1
DA:25,1
DA:26,1
DA:27,1
DA:31,1
DA:32,4
DA:33,1
DA:34,1
DA:40,1
DA:41,1
DA:48,1
DA:49,4
DA:50,1
DA:51,1
DA:52,1
DA:56,1
LF:30
LH:30
BRF:0
BRH:0
end_of_record
TN:
SF:C:\Users\Lateef\Documents\Code\personal\mBookr\api\src\services/menu.service.js
FN:3,getMenu
FNF:1
FNH:1
FNDA:2,getMenu
DA:1,1
DA:3,1
DA:5,1
DA:8,1
DA:9,1
DA:10,1
DA:14,1
LF:7
LH:7
BRF:0
BRH:0
end_of_record
TN:
SF:C:\Users\Lateef\Documents\Code\personal\mBookr\api\src\services/orders.service.js
FN:4,fetchOrders
FN:6,(anonymous_10)
FN:34,(anonymous_14)
FNF:3
FNH:3
FNDA:4,fetchOrders
FNDA:2,(anonymous_10)
FNDA:3,(anonymous_14)
DA:1,1
DA:2,1
DA:4,1
DA:6,1
DA:7,2
DA:8,2
DA:9,2
DA:10,2
DA:11,2
DA:12,2
DA:13,2
DA:14,2
DA:15,2
DA:20,1
DA:24,1
DA:25,1
DA:26,1
DA:27,1
DA:28,1
DA:29,1
DA:33,1
DA:34,3
DA:35,1
DA:36,1
DA:45,1
DA:46,1
DA:53,1
LF:27
LH:27
BRF:0
BRH:0
end_of_record
