TN:
SF:C:\Users\Lateef\Documents\Code\personal\mBookr\api\src/index.js
FN:11,(anonymous_1)
FN:21,(anonymous_2)
FN:27,(anonymous_3)
FNF:3
FNH:3
FNDA:1,(anonymous_1)
FNDA:1,(anonymous_2)
FNDA:2,(anonymous_3)
DA:1,1
DA:2,1
DA:3,1
DA:4,1
DA:5,1
DA:7,1
DA:9,1
DA:11,1
DA:12,1
DA:17,1
DA:18,1
DA:19,1
DA:21,1
DA:22,1
DA:23,1
DA:24,1
DA:27,1
DA:29,2
DA:36,1
LF:19
LH:19
BRDA:29,0,0,2
BRDA:29,0,1,1
BRF:2
BRH:2
end_of_record
TN:
SF:C:\Users\Lateef\Documents\Code\personal\mBookr\api\src\controllers/meal.controller.js
FN:3,fetchAllMeals
FNF:1
FNH:1
FNDA:7,fetchAllMeals
DA:1,1
DA:3,1
DA:5,1
DA:6,1
DA:20,1
DA:21,1
DA:22,1
DA:36,2
DA:37,2
DA:38,2
DA:39,2
DA:40,2
DA:41,2
DA:42,1
DA:48,1
DA:50,1
DA:55,1
DA:57,2
DA:62,2
DA:63,2
DA:64,2
DA:65,2
DA:66,2
DA:67,1
DA:72,1
DA:74,1
DA:79,1
DA:81,2
DA:86,1
DA:90,1
LF:30
LH:30
BRDA:41,0,0,1
BRDA:41,0,1,1
BRDA:66,1,0,1
BRDA:66,1,1,1
BRF:4
BRH:4
end_of_record
TN:
SF:C:\Users\Lateef\Documents\Code\personal\mBookr\api\src\controllers/menu.controller.js
FN:3,getMenu
FNF:1
FNH:1
FNDA:2,getMenu
DA:1,1
DA:3,1
DA:5,1
DA:6,1
DA:21,1
DA:22,1
DA:23,1
DA:31,1
LF:8
LH:8
BRF:0
BRH:0
end_of_record
TN:
SF:C:\Users\Lateef\Documents\Code\personal\mBookr\api\src\controllers/order.controller.js
FN:3,getOrders
FNF:1
FNH:1
FNDA:4,getOrders
DA:1,1
DA:3,1
DA:5,1
DA:6,1
DA:23,1
DA:24,1
DA:25,1
DA:42,2
DA:43,2
DA:44,2
DA:45,2
DA:46,2
DA:47,2
DA:48,1
DA:54,1
DA:56,1
DA:61,1
DA:63,2
DA:69,1
LF:19
LH:19
BRDA:47,0,0,1
BRDA:47,0,1,1
BRF:2
BRH:2
end_of_record
TN:
SF:C:\Users\Lateef\Documents\Code\personal\mBookr\api\src\data/meal-data.js
FNF:0
FNH:0
DA:1,1
LF:1
LH:1
BRF:0
BRH:0
end_of_record
TN:
SF:C:\Users\Lateef\Documents\Code\personal\mBookr\api\src\data/menu-data.js
FNF:0
FNH:0
DA:1,1
LF:1
LH:1
BRF:0
BRH:0
end_of_record
TN:
SF:C:\Users\Lateef\Documents\Code\personal\mBookr\api\src\data/order-data.js
FNF:0
FNH:0
DA:1,1
LF:1
LH:1
BRF:0
BRH:0
end_of_record
TN:
SF:C:\Users\Lateef\Documents\Code\personal\mBookr\api\src\models/meals.model.js
FN:2,Meal
FNF:1
FNH:1
FNDA:3,Meal
DA:2,3
DA:3,3
DA:4,3
DA:5,3
DA:6,3
LF:5
LH:5
BRF:0
BRH:0
end_of_record
TN:
SF:C:\Users\Lateef\Documents\Code\personal\mBookr\api\src\models/orders.model.js
FN:2,Meal
FNF:1
FNH:1
FNDA:2,Meal
DA:2,2
DA:3,2
DA:4,2
DA:5,2
DA:6,2
DA:7,2
DA:8,2
DA:9,2
LF:8
LH:8
BRF:0
BRH:0
end_of_record
TN:
SF:C:\Users\Lateef\Documents\Code\personal\mBookr\api\src\routes/meal.route.js
FNF:0
FNH:0
DA:1,1
DA:2,1
DA:4,1
DA:5,1
DA:6,1
DA:7,1
DA:8,1
DA:9,1
DA:11,1
LF:9
LH:9
BRF:0
BRH:0
end_of_record
TN:
SF:C:\Users\Lateef\Documents\Code\personal\mBookr\api\src\routes/menu.route.js
FNF:0
FNH:0
DA:1,1
DA:2,1
DA:4,1
DA:5,1
DA:6,1
DA:8,1
LF:6
LH:6
BRF:0
BRH:0
end_of_record
TN:
SF:C:\Users\Lateef\Documents\Code\personal\mBookr\api\src\routes/order.route.js
FNF:0
FNH:0
DA:1,1
DA:2,1
DA:4,1
DA:5,1
DA:6,1
DA:7,1
DA:9,1
LF:7
LH:7
BRF:0
BRH:0
end_of_record
TN:
SF:C:\Users\Lateef\Documents\Code\personal\mBookr\api\src\services/meals.service.js
FN:4,fetchAllMeals
FN:6,(anonymous_10)
FN:32,(anonymous_14)
FN:51,(anonymous_16)
FNF:4
FNH:4
FNDA:7,fetchAllMeals
FNDA:3,(anonymous_10)
FNDA:8,(anonymous_14)
FNDA:7,(anonymous_16)
DA:1,1
DA:2,1
DA:4,1
DA:6,1
DA:7,3
DA:8,3
DA:9,3
DA:10,3
DA:11,3
DA:12,3
DA:17,1
DA:18,1
DA:22,1
DA:23,1
DA:24,1
DA:25,1
DA:26,1
DA:27,1
DA:31,2
DA:32,8
DA:33,2
DA:34,2
DA:40,2
DA:41,1
DA:43,2
DA:50,2
DA:51,7
DA:52,2
DA:53,2
DA:54,2
DA:58,1
LF:31
LH:31
BRDA:40,0,0,1
BRDA:40,0,1,1
BRF:2
BRH:2
end_of_record
TN:
SF:C:\Users\Lateef\Documents\Code\personal\mBookr\api\src\services/menu.service.js
FN:3,getMenu
FNF:1
FNH:1
FNDA:2,getMenu
DA:1,1
DA:3,1
DA:5,1
DA:8,1
DA:9,1
DA:10,1
DA:14,1
LF:7
LH:7
BRF:0
BRH:0
end_of_record
TN:
SF:C:\Users\Lateef\Documents\Code\personal\mBookr\api\src\services/orders.service.js
FN:4,fetchOrders
FN:6,(anonymous_10)
FN:34,(anonymous_14)
FNF:3
FNH:3
FNDA:5,fetchOrders
FNDA:2,(anonymous_10)
FNDA:6,(anonymous_14)
DA:1,1
DA:2,1
DA:4,1
DA:6,1
DA:7,2
DA:8,2
DA:9,2
DA:10,2
DA:11,2
DA:12,2
DA:13,2
DA:14,2
DA:15,2
DA:20,1
DA:24,1
DA:25,1
DA:26,1
DA:27,1
DA:28,1
DA:29,1
DA:33,2
DA:34,6
DA:35,2
DA:36,2
DA:45,2
DA:46,1
DA:48,2
DA:55,1
LF:28
LH:28
BRDA:45,0,0,1
BRDA:45,0,1,1
BRF:2
BRH:2
end_of_record
